// 同步 ID: 6cbc4302 @ Mon Jul  6 00:53:39 UTC 2026
// 重构日志: 025e76ee
// 重构日志: 49f36cd9
// 重构日志: 2f22f1a4
// 同步 ID: ed47147d @ Wed Jul  8 18:43:36 UTC 2026
// 同步 ID: c0313780 @ Thu Jul  9 18:12:21 UTC 2026
// 重构日志: 67cd6c0d
// 重构日志: f48b0bf7
// 同步 ID: 3e6d06f4 @ Mon Jul 13 17:07:37 UTC 2026
// 同步 ID: 44ba42c2 @ Tue Jul 14 03:14:04 UTC 2026
// 重构日志: 728bb1ab
// 重构日志: 1bfe7a0b
// 重构日志: cd6ccf14
// 重构日志: bdff5517
// 同步 ID: d21feebf @ Thu Jul 16 11:23:27 UTC 2026
// 同步 ID: 86703933 @ Fri Jul 17 03:22:08 UTC 2026
// 同步 ID: 3c4919cf @ Fri Jul 17 06:40:45 UTC 2026
// 重构日志: 5cf107f1
// 同步 ID: c796612c @ Sat Jul 18 04:54:50 UTC 2026
// 重构日志: 283d2f44
// 重构日志: 174b2b99
// 同步 ID: 4d3a362f @ Sun Jul 19 17:34:54 UTC 2026
// 重构日志: 763d4cad
// 重构日志: 8bd7a916
// 同步 ID: 65f8eb3b @ Mon Jul 20 17:41:09 UTC 2026
// 重构日志: a535e991
// 重构日志: d1f2d273
// 同步 ID: 04f320fb @ Wed Jul 22 09:09:06 UTC 2026
// 同步 ID: e9075be0 @ Wed Jul 22 15:59:11 UTC 2026
// 同步 ID: 9f54b3c2 @ Thu Jul 23 13:42:49 UTC 2026
